Determining if the pthread_create exist failed with the following output:
Change Dir: /home/pi/Lenkrad_tmp/build/CMakeFiles/CMakeTmp

Run Build Command:"/usr/bin/make" "cmTC_62d02/fast"
/usr/bin/make -f CMakeFiles/cmTC_62d02.dir/build.make CMakeFiles/cmTC_62d02.dir/build
make[1]: Entering directory '/home/pi/Lenkrad_tmp/build/CMakeFiles/CMakeTmp'
Building C object CMakeFiles/cmTC_62d02.dir/CheckSymbolExists.c.o
/usr/bin/cc    -o CMakeFiles/cmTC_62d02.dir/CheckSymbolExists.c.o   -c /home/pi/Lenkrad_tmp/build/CMakeFiles/CMakeTmp/CheckSymbolExists.c
Linking C executable cmTC_62d02
/usr/bin/cmake -E cmake_link_script CMakeFiles/cmTC_62d02.dir/link.txt --verbose=1
/usr/bin/cc      CMakeFiles/cmTC_62d02.dir/CheckSymbolExists.c.o  -o cmTC_62d02 
/usr/bin/ld: CMakeFiles/cmTC_62d02.dir/CheckSymbolExists.c.o: in function `main':
CheckSymbolExists.c:(.text+0x38): undefined reference to `pthread_create'
collect2: error: ld returned 1 exit status
make[1]: *** [CMakeFiles/cmTC_62d02.dir/build.make:87: cmTC_62d02] Error 1
make[1]: Leaving directory '/home/pi/Lenkrad_tmp/build/CMakeFiles/CMakeTmp'
make: *** [Makefile:121: cmTC_62d02/fast] Error 2

File /home/pi/Lenkrad_tmp/build/CMakeFiles/CMakeTmp/CheckSymbolExists.c:
/* */
#include <pthread.h>

int main(int argc, char** argv)
{
  (void)argv;
#ifndef pthread_create
  return ((int*)(&pthread_create))[argc];
#else
  (void)argc;
  return 0;
#endif
}

Determining if the function pthread_create exists in the pthreads failed with the following output:
Change Dir: /home/pi/Lenkrad_tmp/build/CMakeFiles/CMakeTmp

Run Build Command:"/usr/bin/make" "cmTC_1b9cb/fast"
/usr/bin/make -f CMakeFiles/cmTC_1b9cb.dir/build.make CMakeFiles/cmTC_1b9cb.dir/build
make[1]: Entering directory '/home/pi/Lenkrad_tmp/build/CMakeFiles/CMakeTmp'
Building C object CMakeFiles/cmTC_1b9cb.dir/CheckFunctionExists.c.o
/usr/bin/cc   -DCHECK_FUNCTION_EXISTS=pthread_create   -o CMakeFiles/cmTC_1b9cb.dir/CheckFunctionExists.c.o   -c /usr/share/cmake-3.13/Modules/CheckFunctionExists.c
Linking C executable cmTC_1b9cb
/usr/bin/cmake -E cmake_link_script CMakeFiles/cmTC_1b9cb.dir/link.txt --verbose=1
/usr/bin/cc  -DCHECK_FUNCTION_EXISTS=pthread_create    CMakeFiles/cmTC_1b9cb.dir/CheckFunctionExists.c.o  -o cmTC_1b9cb -lpthreads 
/usr/bin/ld: cannot find -lpthreads
collect2: error: ld returned 1 exit status
make[1]: *** [CMakeFiles/cmTC_1b9cb.dir/build.make:87: cmTC_1b9cb] Error 1
make[1]: Leaving directory '/home/pi/Lenkrad_tmp/build/CMakeFiles/CMakeTmp'
make: *** [Makefile:121: cmTC_1b9cb/fast] Error 2


